time="2026-03-17T22:59:39-05:00" level=info msg="podman filtering at log level debug"
time="2026-03-17T22:59:39-05:00" level=debug msg="Called pull.PersistentPreRunE(podman --log-level debug pull docker.io/library/postgres:16-alpine)"
time="2026-03-17T22:59:39-05:00" level=info msg="Setting parallel job count to 13"
time="2026-03-17T22:59:39-05:00" level=debug msg="Using conmon: \"/usr/bin/conmon\""
time="2026-03-17T22:59:39-05:00" level=info msg="Using sqlite as database backend"
time="2026-03-17T22:59:39-05:00" level=debug msg="Using graph driver overlay"
time="2026-03-17T22:59:39-05:00" level=debug msg="Using graph root /home/danielherbt/.local/share/containers/storage"
time="2026-03-17T22:59:39-05:00" level=debug msg="Using run root /run/user/1000/containers"
time="2026-03-17T22:59:39-05:00" level=debug msg="Using static dir /home/danielherbt/.local/share/containers/storage/libpod"
time="2026-03-17T22:59:39-05:00" level=debug msg="Using tmp dir /run/user/1000/libpod/tmp"
time="2026-03-17T22:59:39-05:00" level=debug msg="Using volume path /home/danielherbt/.local/share/containers/storage/volumes"
time="2026-03-17T22:59:39-05:00" level=debug msg="Using transient store: false"
time="2026-03-17T22:59:39-05:00" level=debug msg="[graphdriver] trying provided driver \"overlay\""
time="2026-03-17T22:59:39-05:00" level=debug msg="Cached value indicated that overlay is supported"
time="2026-03-17T22:59:39-05:00" level=debug msg="Cached value indicated that overlay is supported"
time="2026-03-17T22:59:39-05:00" level=debug msg="Cached value indicated that metacopy is not being used"
time="2026-03-17T22:59:39-05:00" level=debug msg="Cached value indicated that native-diff is usable"
time="2026-03-17T22:59:39-05:00" level=debug msg="backingFs=extfs, projectQuotaSupported=false, useNativeDiff=true, usingMetacopy=false"
time="2026-03-17T22:59:39-05:00" level=debug msg="Initializing event backend journald"
time="2026-03-17T22:59:39-05:00" level=debug msg="Configured OCI runtime crun-vm initialization failed: no valid executable found for OCI runtime crun-vm: invalid argument"
time="2026-03-17T22:59:39-05:00" level=debug msg="Configured OCI runtime runj initialization failed: no valid executable found for OCI runtime runj: invalid argument"
time="2026-03-17T22:59:39-05:00" level=debug msg="Configured OCI runtime kata initialization failed: no valid executable found for OCI runtime kata: invalid argument"
time="2026-03-17T22:59:39-05:00" level=debug msg="Configured OCI runtime runsc initialization failed: no valid executable found for OCI runtime runsc: invalid argument"
time="2026-03-17T22:59:39-05:00" level=debug msg="Configured OCI runtime youki initialization failed: no valid executable found for OCI runtime youki: invalid argument"
time="2026-03-17T22:59:39-05:00" level=debug msg="Configured OCI runtime krun initialization failed: no valid executable found for OCI runtime krun: invalid argument"
time="2026-03-17T22:59:39-05:00" level=debug msg="Configured OCI runtime crun-wasm initialization failed: no valid executable found for OCI runtime crun-wasm: invalid argument"
time="2026-03-17T22:59:39-05:00" level=debug msg="Configured OCI runtime ocijail initialization failed: no valid executable found for OCI runtime ocijail: invalid argument"
time="2026-03-17T22:59:39-05:00" level=debug msg="Using OCI runtime \"/usr/bin/crun\""
time="2026-03-17T22:59:39-05:00" level=debug msg="Pulling image docker.io/library/postgres:16-alpine (policy: always)"
time="2026-03-17T22:59:39-05:00" level=debug msg="Looking up image \"docker.io/library/postgres:16-alpine\" in local containers storage"
time="2026-03-17T22:59:39-05:00" level=debug msg="Normalized platform linux/amd64 to {amd64 linux  [] }"
time="2026-03-17T22:59:39-05:00" level=debug msg="Trying \"docker.io/library/postgres:16-alpine\" ..."
time="2026-03-17T22:59:39-05:00" level=debug msg="parsed reference into \"[overlay@/home/danielherbt/.local/share/containers/storage+/run/user/1000/containers]@108b27c919e6e7bc124350fb265deea9adac58e118eade428c6d1ad44b90debe\""
time="2026-03-17T22:59:39-05:00" level=debug msg="Found image \"docker.io/library/postgres:16-alpine\" as \"docker.io/library/postgres:16-alpine\" in local containers storage"
time="2026-03-17T22:59:39-05:00" level=debug msg="Found image \"docker.io/library/postgres:16-alpine\" as \"docker.io/library/postgres:16-alpine\" in local containers storage ([overlay@/home/danielherbt/.local/share/containers/storage+/run/user/1000/containers]@108b27c919e6e7bc124350fb265deea9adac58e118eade428c6d1ad44b90debe)"
time="2026-03-17T22:59:39-05:00" level=debug msg="exporting opaque data as blob \"sha256:108b27c919e6e7bc124350fb265deea9adac58e118eade428c6d1ad44b90debe\""
time="2026-03-17T22:59:39-05:00" level=debug msg="Loading registries configuration \"/etc/containers/registries.conf\""
time="2026-03-17T22:59:39-05:00" level=debug msg="Loading registries configuration \"/etc/containers/registries.conf.d/000-shortnames.conf\""
time="2026-03-17T22:59:39-05:00" level=debug msg="Normalized platform linux/amd64 to {amd64 linux  [] }"
time="2026-03-17T22:59:39-05:00" level=debug msg="Attempting to pull candidate docker.io/library/postgres:16-alpine for docker.io/library/postgres:16-alpine"
time="2026-03-17T22:59:39-05:00" level=debug msg="parsed reference into \"[overlay@/home/danielherbt/.local/share/containers/storage+/run/user/1000/containers]docker.io/library/postgres:16-alpine\""
Trying to pull docker.io/library/postgres:16-alpine...
time="2026-03-17T22:59:39-05:00" level=debug msg="Copying source image //postgres:16-alpine to destination image [overlay@/home/danielherbt/.local/share/containers/storage+/run/user/1000/containers]docker.io/library/postgres:16-alpine"
time="2026-03-17T22:59:39-05:00" level=debug msg="Using registries.d directory /etc/containers/registries.d"
time="2026-03-17T22:59:39-05:00" level=debug msg="Trying to access \"docker.io/library/postgres:16-alpine\""
time="2026-03-17T22:59:39-05:00" level=debug msg="No credentials matching docker.io/library/postgres found in /run/user/1000/containers/auth.json"
time="2026-03-17T22:59:39-05:00" level=debug msg="No credentials matching docker.io/library/postgres found in /home/danielherbt/.config/containers/auth.json"
time="2026-03-17T22:59:39-05:00" level=debug msg="No credentials matching docker.io/library/postgres found in /home/danielherbt/.docker/config.json"
time="2026-03-17T22:59:39-05:00" level=debug msg="No credentials matching docker.io/library/postgres found in /home/danielherbt/.dockercfg"
time="2026-03-17T22:59:39-05:00" level=debug msg="No credentials for docker.io/library/postgres found"
time="2026-03-17T22:59:39-05:00" level=debug msg=" No signature storage configuration found for docker.io/library/postgres:16-alpine, using built-in default file:///home/danielherbt/.local/share/containers/sigstore"
time="2026-03-17T22:59:39-05:00" level=debug msg="Looking for TLS certificates and private keys in /etc/docker/certs.d/docker.io"
time="2026-03-17T22:59:39-05:00" level=debug msg="GET https://registry-1.docker.io/v2/"
time="2026-03-17T22:59:39-05:00" level=debug msg="Ping https://registry-1.docker.io/v2/ status 401"
time="2026-03-17T22:59:39-05:00" level=debug msg="GET https://auth.docker.io/token?scope=repository%3Alibrary%2Fpostgres%3Apull&service=registry.docker.io"
time="2026-03-17T22:59:40-05:00" level=debug msg="GET https://registry-1.docker.io/v2/library/postgres/manifests/16-alpine"
time="2026-03-17T22:59:40-05:00" level=debug msg="Content-Type from manifest GET is \"application/vnd.oci.image.index.v1+json\""
time="2026-03-17T22:59:40-05:00" level=debug msg="Using SQLite blob info cache at /home/danielherbt/.local/share/containers/cache/blob-info-cache-v1.sqlite"
time="2026-03-17T22:59:40-05:00" level=debug msg="Source is a manifest list; copying (only) instance sha256:60b180625695e90b6e450405d5f0bcb74bc8c52c65d1cd11aeb3da46cac06dd8 for current system"
time="2026-03-17T22:59:40-05:00" level=debug msg="GET https://registry-1.docker.io/v2/library/postgres/manifests/sha256:60b180625695e90b6e450405d5f0bcb74bc8c52c65d1cd11aeb3da46cac06dd8"
time="2026-03-17T22:59:40-05:00" level=debug msg="Content-Type from manifest GET is \"application/vnd.oci.image.manifest.v1+json\""
time="2026-03-17T22:59:40-05:00" level=debug msg="IsRunningImageAllowed for image docker:docker.io/library/postgres:16-alpine"
time="2026-03-17T22:59:40-05:00" level=debug msg=" Using default policy section"
time="2026-03-17T22:59:40-05:00" level=debug msg=" Requirement 0: allowed"
time="2026-03-17T22:59:40-05:00" level=debug msg="Overall: allowed"
time="2026-03-17T22:59:40-05:00" level=debug msg="Downloading /v2/library/postgres/blobs/sha256:108b27c919e6e7bc124350fb265deea9adac58e118eade428c6d1ad44b90debe"
time="2026-03-17T22:59:40-05:00" level=debug msg="GET https://registry-1.docker.io/v2/library/postgres/blobs/sha256:108b27c919e6e7bc124350fb265deea9adac58e118eade428c6d1ad44b90debe"
Getting image source signatures
time="2026-03-17T22:59:41-05:00" level=debug msg="Reading /home/danielherbt/.local/share/containers/sigstore/library/postgres@sha256=60b180625695e90b6e450405d5f0bcb74bc8c52c65d1cd11aeb3da46cac06dd8/signature-1"
time="2026-03-17T22:59:41-05:00" level=debug msg="Not looking for sigstore attachments: disabled by configuration"
time="2026-03-17T22:59:41-05:00" level=debug msg="Manifest has MIME type application/vnd.oci.image.manifest.v1+json, ordered candidate list [application/vnd.oci.image.manifest.v1+json, application/vnd.docker.distribution.manifest.v2+json, application/vnd.docker.distribution.manifest.v1+prettyjws, application/vnd.docker.distribution.manifest.v1+json]"
time="2026-03-17T22:59:41-05:00" level=debug msg="... will first try using the original manifest unmodified"
Copying blob sha256:bf295aa7a64cc10d3fd90a45852e84698ec47f2e92520fb998849df6910405c7
Copying blob sha256:589002ba0eaed121a1dbf42f6648f29e5be55d5c8a6ee0f8eaa0285cc21ac153
time="2026-03-17T22:59:41-05:00" level=debug msg="Checking if we can reuse blob sha256:bf295aa7a64cc10d3fd90a45852e84698ec47f2e92520fb998849df6910405c7: general substitution = true, compression for MIME type \"application/vnd.oci.image.layer.v1.tar+gzip\" = true"
Copying blob sha256:3850791607874d1c928ff4304a305188f179c5c588c885973a7ccb32d51d6e6f
time="2026-03-17T22:59:41-05:00" level=debug msg="Checking if we can reuse blob sha256:589002ba0eaed121a1dbf42f6648f29e5be55d5c8a6ee0f8eaa0285cc21ac153: general substitution = true, compression for MIME type \"application/vnd.oci.image.layer.v1.tar+gzip\" = true"
Copying blob sha256:6b36925b35104b27973d3cfe252ab78a77c21068863402468cb7dba8d8e91109
time="2026-03-17T22:59:41-05:00" level=debug msg="Checking if we can reuse blob sha256:6b36925b35104b27973d3cfe252ab78a77c21068863402468cb7dba8d8e91109: general substitution = true, compression for MIME type \"application/vnd.oci.image.layer.v1.tar+gzip\" = true"
Copying blob sha256:bfb0a9f61bdfa2e3f5a5f4da3bf87aadbe9825329ecec6bc3c05360ceddeee16
Copying blob sha256:dc66e2c13be500cf88269ccd9a5d92bba5c124aa6ecb54c839fd5a74ffbbb47e
time="2026-03-17T22:59:41-05:00" level=debug msg="Checking if we can reuse blob sha256:bfb0a9f61bdfa2e3f5a5f4da3bf87aadbe9825329ecec6bc3c05360ceddeee16: general substitution = true, compression for MIME type \"application/vnd.oci.image.layer.v1.tar+gzip\" = true"
time="2026-03-17T22:59:41-05:00" level=debug msg="Checking if we can reuse blob sha256:dc66e2c13be500cf88269ccd9a5d92bba5c124aa6ecb54c839fd5a74ffbbb47e: general substitution = true, compression for MIME type \"application/vnd.oci.image.layer.v1.tar+gzip\" = true"
time="2026-03-17T22:59:41-05:00" level=debug msg="Checking if we can reuse blob sha256:3850791607874d1c928ff4304a305188f179c5c588c885973a7ccb32d51d6e6f: general substitution = true, compression for MIME type \"application/vnd.oci.image.layer.v1.tar+gzip\" = true"
time="2026-03-17T22:59:41-05:00" level=debug msg="Skipping blob sha256:bf295aa7a64cc10d3fd90a45852e84698ec47f2e92520fb998849df6910405c7 (already present):"
time="2026-03-17T22:59:41-05:00" level=debug msg="Skipping blob sha256:589002ba0eaed121a1dbf42f6648f29e5be55d5c8a6ee0f8eaa0285cc21ac153 (already present):"
Copying blob sha256:e0210f91556cdadc6cd56501371d7d16c704302f8aa4afa5d41477eb38b99812
time="2026-03-17T22:59:41-05:00" level=debug msg="Checking if we can reuse blob sha256:e0210f91556cdadc6cd56501371d7d16c704302f8aa4afa5d41477eb38b99812: general substitution = true, compression for MIME type \"application/vnd.oci.image.layer.v1.tar+gzip\" = true"
time="2026-03-17T22:59:41-05:00" level=debug msg="Skipping blob sha256:dc66e2c13be500cf88269ccd9a5d92bba5c124aa6ecb54c839fd5a74ffbbb47e (already present):"
Copying blob sha256:d513847b8a7646505b10580f412411282b44b9b7c1974a96cb4e93001a6c459c
Copying blob sha256:fffbff44edafec4dbf8192cc2e75332188cfa9f992160ad7b1cf59f3d6d4e8a7
time="2026-03-17T22:59:41-05:00" level=debug msg="Checking if we can reuse blob sha256:d513847b8a7646505b10580f412411282b44b9b7c1974a96cb4e93001a6c459c: general substitution = true, compression for MIME type \"application/vnd.oci.image.layer.v1.tar+gzip\" = true"
time="2026-03-17T22:59:41-05:00" level=debug msg="Checking if we can reuse blob sha256:fffbff44edafec4dbf8192cc2e75332188cfa9f992160ad7b1cf59f3d6d4e8a7: general substitution = true, compression for MIME type \"application/vnd.oci.image.layer.v1.tar+gzip\" = true"
time="2026-03-17T22:59:41-05:00" level=debug msg="Skipping blob sha256:bfb0a9f61bdfa2e3f5a5f4da3bf87aadbe9825329ecec6bc3c05360ceddeee16 (already present):"
time="2026-03-17T22:59:41-05:00" level=debug msg="Skipping blob sha256:3850791607874d1c928ff4304a305188f179c5c588c885973a7ccb32d51d6e6f (already present):"
Copying blob sha256:d7ea68590de1266d8c1945919c97389d55ed233df091227033b16a084ee69f0d
time="2026-03-17T22:59:41-05:00" level=debug msg="Checking if we can reuse blob sha256:d7ea68590de1266d8c1945919c97389d55ed233df091227033b16a084ee69f0d: general substitution = true, compression for MIME type \"application/vnd.oci.image.layer.v1.tar+gzip\" = true"
Copying blob sha256:4a8dcc9ff6fd14be05d8afdc74d1c6aefa903a05ea51bb8a790410bce6060b2e
time="2026-03-17T22:59:41-05:00" level=debug msg="Checking if we can reuse blob sha256:4a8dcc9ff6fd14be05d8afdc74d1c6aefa903a05ea51bb8a790410bce6060b2e: general substitution = true, compression for MIME type \"application/vnd.oci.image.layer.v1.tar+gzip\" = true"
time="2026-03-17T22:59:41-05:00" level=debug msg="Skipping blob sha256:e0210f91556cdadc6cd56501371d7d16c704302f8aa4afa5d41477eb38b99812 (already present):"
time="2026-03-17T22:59:41-05:00" level=debug msg="Skipping blob sha256:d513847b8a7646505b10580f412411282b44b9b7c1974a96cb4e93001a6c459c (already present):"
time="2026-03-17T22:59:41-05:00" level=debug msg="Skipping blob sha256:fffbff44edafec4dbf8192cc2e75332188cfa9f992160ad7b1cf59f3d6d4e8a7 (already present):"
time="2026-03-17T22:59:41-05:00" level=debug msg="Skipping blob sha256:d7ea68590de1266d8c1945919c97389d55ed233df091227033b16a084ee69f0d (already present):"
time="2026-03-17T22:59:41-05:00" level=debug msg="Skipping blob sha256:4a8dcc9ff6fd14be05d8afdc74d1c6aefa903a05ea51bb8a790410bce6060b2e (already present):"
time="2026-03-17T22:59:41-05:00" level=debug msg="Skipping blob sha256:6b36925b35104b27973d3cfe252ab78a77c21068863402468cb7dba8d8e91109 (already present):"
Copying config sha256:108b27c919e6e7bc124350fb265deea9adac58e118eade428c6d1ad44b90debe
time="2026-03-17T22:59:41-05:00" level=debug msg="No compression detected"
time="2026-03-17T22:59:41-05:00" level=debug msg="Compression change for blob sha256:108b27c919e6e7bc124350fb265deea9adac58e118eade428c6d1ad44b90debe (\"application/vnd.oci.image.config.v1+json\") not supported"
time="2026-03-17T22:59:41-05:00" level=debug msg="Using original blob without modification"
Writing manifest to image destination
time="2026-03-17T22:59:41-05:00" level=debug msg="setting image creation date to 2026-02-26 19:29:56.206088852 +0000 UTC"
time="2026-03-17T22:59:41-05:00" level=debug msg="reusing image ID \"108b27c919e6e7bc124350fb265deea9adac58e118eade428c6d1ad44b90debe\""
time="2026-03-17T22:59:41-05:00" level=debug msg="saved image metadata \"{}\""
time="2026-03-17T22:59:41-05:00" level=debug msg="added name \"docker.io/library/postgres:16-alpine\" to image \"108b27c919e6e7bc124350fb265deea9adac58e118eade428c6d1ad44b90debe\""
time="2026-03-17T22:59:41-05:00" level=debug msg="Pulled candidate docker.io/library/postgres:16-alpine successfully"
time="2026-03-17T22:59:41-05:00" level=debug msg="parsed reference into \"[overlay@/home/danielherbt/.local/share/containers/storage+/run/user/1000/containers]@108b27c919e6e7bc124350fb265deea9adac58e118eade428c6d1ad44b90debe\""
time="2026-03-17T22:59:41-05:00" level=debug msg="exporting opaque data as blob \"sha256:108b27c919e6e7bc124350fb265deea9adac58e118eade428c6d1ad44b90debe\""
108b27c919e6e7bc124350fb265deea9adac58e118eade428c6d1ad44b90debe
time="2026-03-17T22:59:41-05:00" level=debug msg="Called pull.PersistentPostRunE(podman --log-level debug pull docker.io/library/postgres:16-alpine)"
time="2026-03-17T22:59:41-05:00" level=debug msg="Shutting down engines"
time="2026-03-17T22:59:41-05:00" level=info msg="Received shutdown.Stop(), terminating!" PID=16540
