
> @workspace/db@0.0.0 push /home/danielherbt/Development/ReplitExport-danielherbt/ColdSpace-Leads/lib/db
> drizzle-kit push --config ./drizzle.config.ts

Reading config file '/home/danielherbt/Development/ReplitExport-danielherbt/ColdSpace-Leads/lib/db/drizzle.config.ts'
[dotenv@17.3.1] injecting env (0) from ../../.env -- tip: ⚙️  load multiple .env files with { path: ['.env.local', '.env'] }
[⣷] Pulling schema from database...
[2K[1G[⣯] Pulling schema from database...
[2K[1G[⣟] Pulling schema from database...
[2K[1G[⡿] Pulling schema from database...
[2K[1G[⢿] Pulling schema from database...
[2K[1G[⣻] Pulling schema from database...
[2K[1G[⣽] Pulling schema from database...
LibsqlError: SERVER_ERROR: Server returned HTTP status 401
    at mapHranaError (file:///home/danielherbt/Development/ReplitExport-danielherbt/ColdSpace-Leads/node_modules/.pnpm/@libsql+client@0.15.15/node_modules/@libsql/client/lib-esm/hrana.js:279:16)
    at file:///home/danielherbt/Development/ReplitExport-danielherbt/ColdSpace-Leads/node_modules/.pnpm/@libsql+client@0.15.15/node_modules/@libsql/client/lib-esm/http.js:84:23
    at process.processTicksAndRejections (node:internal/process/task_queues:104:5)
    at async Object.query (/home/danielherbt/Development/ReplitExport-danielherbt/ColdSpace-Leads/node_modules/.pnpm/drizzle-kit@0.31.9/node_modules/drizzle-kit/bin.cjs:81420:25)
    at async fromDatabase3 (/home/danielherbt/Development/ReplitExport-danielherbt/ColdSpace-Leads/node_modules/.pnpm/drizzle-kit@0.31.9/node_modules/drizzle-kit/bin.cjs:20584:23) {
  code: 'SERVER_ERROR',
  rawCode: undefined,
  [cause]: HttpServerError: Server returned HTTP status 401
      at errorFromResponse (file:///home/danielherbt/Development/ReplitExport-danielherbt/ColdSpace-Leads/node_modules/.pnpm/@libsql+hrana-client@0.7.0/node_modules/@libsql/hrana-client/lib-esm/http/stream.js:352:16)
      at process.processTicksAndRejections (node:internal/process/task_queues:104:5) {
    status: 401
  }
}
